 BLUPF90+ ver. 2.60
 In round        160 convergence =  0.927865146932E-12
 delta convergence =  0.346510393831    
-2logL =        16164.449     : AIC =        16196.449    
Genetic variance(s) for effect  4       
   463.64       29460.      -2.2806       12.568    
   29460.      0.33001E+07  -248.59       796.25    
  -2.2806      -248.59      0.28175     -0.16582    
   12.568       796.25     -0.16582      0.52560    
  correlations
   1.0000      0.75315     -0.19954      0.80510    
  0.75315       1.0000     -0.25780      0.60458    
 -0.19954     -0.25780       1.0000     -0.43091    
  0.80510      0.60458     -0.43091       1.0000    
  eigenvectors
  0.22200E-01  0.15766E-01 -0.99959      0.89273E-02
 -0.42793E-04  0.58508E-04  0.89306E-02  0.99996    
 -0.56937      0.82208      0.32000E-03 -0.75325E-04
 -0.82178     -0.56915     -0.27226E-01  0.24128E-03
  eigenvalues
  0.11265      0.33512       200.78      0.33004E+07
Residual variance(s)
   382.21       24724.       0.0000       0.0000    
   24724.      0.54014E+07   0.0000       0.0000    
   0.0000       0.0000      0.67568      0.51689E-01
   0.0000       0.0000      0.51689E-01  0.39506    
  correlations
   1.0000      0.54414       0.0000       0.0000    
  0.54414       1.0000       0.0000       0.0000    
   0.0000       0.0000       1.0000      0.10004    
   0.0000       0.0000      0.10004       1.0000    
  eigenvectors
   0.0000       0.0000     -0.99999      0.45774E-02
   0.0000       0.0000      0.45774E-02  0.99999    
  0.17556     -0.98447       0.0000       0.0000    
 -0.98447     -0.17556       0.0000       0.0000    
  eigenvalues
  0.38584      0.68490       269.04      0.54015E+07
inverse of AI matrix (Sampling Variance)
   8429.3      0.54397E+06  -10.628       113.38      0.35030E+08  -610.55       6752.9      0.28181E-01 -0.13161       1.2839      -4015.8     -0.26819E+06 -0.17920E+08 -0.13576E-01  0.50228E-01 -0.52588    
  0.54397E+06  0.65269E+08  -1161.0       7385.9      0.62705E+10 -0.12237E+06  0.92358E+06   3.3729      -15.454       76.412     -0.26159E+06 -0.29275E+08 -0.28251E+10  -1.4615       6.2543      -30.838    
  -10.628      -1161.0       3.8873      -1.2403     -0.10611E+06   251.41      -90.478     -0.11062E-01  0.53445E-01 -0.30059E-01   1.1200       247.51       30215.      0.41259E-02 -0.24686E-01  0.13390E-01
   113.38       7385.9      -1.2403       5.2494      0.48225E+06  -79.074       335.84      0.34501E-02 -0.20529E-01  0.11692      -39.277      -2751.5     -0.19542E+06 -0.14180E-02  0.82889E-02 -0.52149E-01
  0.35030E+08  0.62705E+10 -0.10611E+06  0.48225E+06  0.10076E+13 -0.17903E+08  0.96471E+08   583.87      -1337.6       4665.5     -0.16950E+08 -0.27439E+10 -0.50367E+12  -276.69       537.34      -1877.2    
  -610.55     -0.12237E+06   251.41      -79.074     -0.17903E+08   39835.      -13615.      -1.6706       3.7777      -1.9564       53.700       6897.8      0.20199E+07  0.69605      -1.7682      0.87979    
   6752.9      0.92358E+06  -90.478       335.84      0.96471E+08  -13615.       53450.      0.49476      -1.9089       7.9026      -2298.9     -0.24599E+06 -0.27706E+08 -0.20992      0.78971      -3.5931    
  0.28181E-01   3.3729     -0.11062E-01  0.34501E-02   583.87      -1.6706      0.49476      0.51520E-02 -0.17470E-02  0.50828E-03 -0.92723E-02  -1.3543      -270.70     -0.28037E-02  0.85460E-03 -0.23401E-03
 -0.13161      -15.454      0.53445E-01 -0.20529E-01  -1337.6       3.7777      -1.9089     -0.17470E-02  0.37422E-02 -0.21619E-02  0.21838E-01   4.1793       407.28      0.84741E-03 -0.19100E-02  0.10209E-02
   1.2839       76.412     -0.30059E-01  0.11692       4665.5      -1.9564       7.9026      0.50828E-03 -0.21619E-02  0.84729E-02 -0.36458      -21.178      -1363.5     -0.23580E-03  0.10105E-02 -0.41940E-02
  -4015.8     -0.26159E+06   1.1200      -39.277     -0.16950E+08   53.700      -2298.9     -0.92723E-02  0.21838E-01 -0.36458       3529.2      0.22914E+06  0.14607E+08  0.46761E-02 -0.57149E-02  0.12693    
 -0.26819E+06 -0.29275E+08   247.51      -2751.5     -0.27439E+10   6897.8     -0.24599E+06  -1.3543       4.1793      -21.178      0.22914E+06  0.31111E+08  0.30620E+10  0.62232      -1.4732       6.9939    
 -0.17920E+08 -0.28251E+10   30215.     -0.19542E+06 -0.50367E+12  0.20199E+07 -0.27706E+08  -270.70       407.28      -1363.5      0.14607E+08  0.30620E+10  0.56265E+12   136.33      -142.30       455.59    
 -0.13576E-01  -1.4615      0.41259E-02 -0.14180E-02  -276.69      0.69605     -0.20992     -0.28037E-02  0.84741E-03 -0.23580E-03  0.46761E-02  0.62232       136.33      0.28126E-02 -0.45956E-03  0.10934E-03
  0.50228E-01   6.2543     -0.24686E-01  0.82889E-02   537.34      -1.7682      0.78971      0.85460E-03 -0.19100E-02  0.10105E-02 -0.57149E-02  -1.4732      -142.30     -0.45956E-03  0.15477E-02 -0.51611E-03
 -0.52588      -30.838      0.13390E-01 -0.52149E-01  -1877.2      0.87979      -3.5931     -0.23401E-03  0.10209E-02 -0.41940E-02  0.12693       6.9939       455.59      0.10934E-03 -0.51611E-03  0.29879E-02
Correlations from inverse of AI matrix
   1.0000      0.73337     -0.58713E-01  0.53899      0.38011     -0.33319E-01  0.31814      0.42764E-02 -0.23433E-01  0.15192     -0.73626     -0.52372     -0.26021     -0.27883E-02  0.13906E-01 -0.10479    
  0.73337       1.0000     -0.72889E-01  0.39902      0.77325     -0.75890E-01  0.49448      0.58166E-02 -0.31269E-01  0.10275     -0.54503     -0.64966     -0.46619     -0.34111E-02  0.19678E-01 -0.69831E-01
 -0.58713E-01 -0.72889E-01   1.0000     -0.27456     -0.53617E-01  0.63889     -0.19849     -0.78165E-01  0.44312     -0.16563      0.95619E-02  0.22507E-01  0.20430E-01  0.39458E-01 -0.31826      0.12424    
  0.53899      0.39902     -0.27456       1.0000      0.20969     -0.17292      0.63402      0.20979E-01 -0.14647      0.55439     -0.28856     -0.21531     -0.11371     -0.11670E-01  0.91961E-01 -0.41639    
  0.38011      0.77325     -0.53617E-01  0.20969       1.0000     -0.89362E-01  0.41571      0.81040E-02 -0.21784E-01  0.50495E-01 -0.28425     -0.49010     -0.66894     -0.51977E-02  0.13608E-01 -0.34213E-01
 -0.33319E-01 -0.75890E-01  0.63889     -0.17292     -0.89362E-01   1.0000     -0.29506     -0.11662      0.30941     -0.10649      0.45290E-02  0.61961E-02  0.13492E-01  0.65759E-01 -0.22520      0.80642E-01
  0.31814      0.49448     -0.19849      0.63402      0.41571     -0.29506       1.0000      0.29815E-01 -0.13497      0.37134     -0.16738     -0.19076     -0.15976     -0.17121E-01  0.86827E-01 -0.28432    
  0.42764E-02  0.58166E-02 -0.78165E-01  0.20979E-01  0.81040E-02 -0.11662      0.29815E-01   1.0000     -0.39788      0.76932E-01 -0.21745E-02 -0.33828E-02 -0.50279E-02 -0.73655      0.30265     -0.59644E-01
 -0.23433E-01 -0.31269E-01  0.44312     -0.14647     -0.21784E-01  0.30941     -0.13497     -0.39788       1.0000     -0.38393      0.60090E-02  0.12249E-01  0.88759E-02  0.26120     -0.79366      0.30532    
  0.15192      0.10275     -0.16563      0.55439      0.50495E-01 -0.10649      0.37134      0.76932E-01 -0.38393       1.0000     -0.66671E-01 -0.41249E-01 -0.19748E-01 -0.48303E-01  0.27905     -0.83354    
 -0.73626     -0.54503      0.95619E-02 -0.28856     -0.28425      0.45290E-02 -0.16738     -0.21745E-02  0.60090E-02 -0.66671E-01   1.0000      0.69151      0.32779      0.14842E-02 -0.24453E-02  0.39087E-01
 -0.52372     -0.64966      0.22507E-01 -0.21531     -0.49010      0.61961E-02 -0.19076     -0.33828E-02  0.12249E-01 -0.41249E-01  0.69151       1.0000      0.73186      0.21038E-02 -0.67135E-02  0.22939E-01
 -0.26021     -0.46619      0.20430E-01 -0.11371     -0.66894      0.13492E-01 -0.15976     -0.50279E-02  0.88759E-02 -0.19748E-01  0.32779      0.73186       1.0000      0.34269E-02 -0.48223E-02  0.11111E-01
 -0.27883E-02 -0.34111E-02  0.39458E-01 -0.11670E-01 -0.51977E-02  0.65759E-01 -0.17121E-01 -0.73655      0.26120     -0.48303E-01  0.14842E-02  0.21038E-02  0.34269E-02   1.0000     -0.22027      0.37716E-01
  0.13906E-01  0.19678E-01 -0.31826      0.91961E-01  0.13608E-01 -0.22520      0.86827E-01  0.30265     -0.79366      0.27905     -0.24453E-02 -0.67135E-02 -0.48223E-02 -0.22027       1.0000     -0.24000    
 -0.10479     -0.69831E-01  0.12424     -0.41639     -0.34213E-01  0.80642E-01 -0.28432     -0.59644E-01  0.30532     -0.83354      0.39087E-01  0.22939E-01  0.11111E-01  0.37716E-01 -0.24000       1.0000    
SE for G
   91.811       8078.9       1.9716       2.2912    
   8078.9      0.10038E+07   199.59       231.19    
   1.9716       199.59      0.71777E-01  0.61173E-01
   2.2912       231.19      0.61173E-01  0.92048E-01
SE for R
   59.407       5577.7       0.0000       0.0000    
   5577.7      0.75010E+06   0.0000       0.0000    
   0.0000       0.0000      0.53034E-01  0.39341E-01
   0.0000       0.0000      0.39341E-01  0.54662E-01
  
Sampling variances of covariances function of random effects (n=10000)
  
h2  - Function: g_4_4_1_1/(g_4_4_1_1+r_1_1)
  Mean:   0.54814    
  Sample Mean:   0.54436    
  Sample SD:   0.84073E-01
# NaN samples:            21
  
h2  - Function: g_4_4_2_2/(g_4_4_2_2+r_2_2)
  Mean:   0.37926    
  Sample Mean:   0.37409    
  Sample SD:   0.97913E-01
# NaN samples:            21
  
h2  - Function: g_4_4_3_3/(g_4_4_3_3+r_3_3)
  Mean:   0.29428    
  Sample Mean:   0.29289    
  Sample SD:   0.65744E-01
# NaN samples:            21
  
h2  - Function: g_4_4_4_4/(g_4_4_4_4+r_4_4)
  Mean:   0.57090    
  Sample Mean:   0.56715    
  Sample SD:   0.74091E-01
# NaN samples:            21
  
rg12  - Function: g_4_4_1_2/((g_4_4_1_1*g_4_4_2_2)^0.5)
  Mean:   0.75315    
  Sample Mean:   0.75735    
  Sample SD:   0.11564    
# NaN samples:            21
  
rg13  - Function: g_4_4_1_3/((g_4_4_1_1*g_4_4_3_3)^0.5)
  Mean:  -0.19954    
  Sample Mean:  -0.20843    
  Sample SD:   0.18368    
# NaN samples:            21
  
rg14  - Function: g_4_4_1_4/((g_4_4_1_1*g_4_4_4_4)^0.5)
  Mean:   0.80510    
  Sample Mean:   0.81342    
  Sample SD:   0.10854    
# NaN samples:            21
  
rg23  - Function: g_4_4_2_3/((g_4_4_2_2*g_4_4_3_3)^0.5)
  Mean:  -0.25780    
  Sample Mean:  -0.27408    
  Sample SD:   0.23390    
# NaN samples:            21
  
rg24  - Function: g_4_4_2_4/((g_4_4_2_2*g_4_4_4_4)^0.5)
  Mean:   0.60458    
  Sample Mean:   0.62237    
  Sample SD:   0.17595    
# NaN samples:            21
  
rg34  - Function: g_4_4_3_4/((g_4_4_3_3*g_4_4_4_4)^0.5)
  Mean:  -0.43091    
  Sample Mean:  -0.43747    
  Sample SD:   0.14354    
# NaN samples:            21
