 BLUPF90+ ver. 2.60
 In round         11 convergence =  0.260372572762E-12
 delta convergence =  0.391020696991E-01
-2logL =        52545.524     : AIC =        52605.524    
Genetic variance(s) for effect  3       
  0.91337E+06   2086.8      -1257.5      -9326.9     -0.23761E+06
   2086.8       237.30       115.98      -44.304      -154.08    
  -1257.5       115.98       80.485      -18.931       74.072    
  -9326.9      -44.304      -18.931       594.52       9262.4    
 -0.23761E+06  -154.08       74.072       9262.4      0.21238E+06
  correlations
   1.0000      0.14175     -0.14667     -0.40025     -0.53948    
  0.14175       1.0000      0.83925     -0.11795     -0.21703E-01
 -0.14667      0.83925       1.0000     -0.86544E-01  0.17916E-01
 -0.40025     -0.11795     -0.86544E-01   1.0000      0.82430    
 -0.53948     -0.21703E-01  0.17916E-01  0.82430       1.0000    
  eigenvectors
  0.30290E-02  0.20729E-02  0.10730E-02 -0.29377     -0.95587    
 -0.48117     -0.29475     -0.82558     -0.33251E-02 -0.20688E-02
  0.87656     -0.17280     -0.44920      0.21425E-02  0.12402E-02
 -0.10122E-01 -0.93883      0.34122     -0.43881E-01  0.11801E-01
  0.31756E-02  0.43145E-01 -0.14144E-01 -0.95486      0.29355    
  eigenvalues
   12.959       172.05       313.36      0.13970E+06  0.98646E+06
Residual variance(s)
  0.22954E+07   20369.       6640.8       3425.2      0.10906E+06
   20369.       1440.6       884.88       57.440       735.52    
   6640.8       884.88       726.68       22.104       299.24    
   3425.2       57.440       22.104       322.51       5084.1    
  0.10906E+06   735.52       299.24       5084.1      0.12408E+06
  correlations
   1.0000      0.35422      0.16260      0.12589      0.20437    
  0.35422       1.0000      0.86484      0.84269E-01  0.55013E-01
  0.16260      0.86484       1.0000      0.45658E-01  0.31514E-01
  0.12589      0.84269E-01  0.45658E-01   1.0000      0.80371    
  0.20437      0.55013E-01  0.31514E-01  0.80371       1.0000    
  eigenvectors
 -0.25149E-02 -0.15655E-02  0.89667E-02  0.50045E-01  0.99870    
  0.42593      0.40036     -0.81130      0.24134E-02  0.88633E-02
 -0.56573     -0.58197     -0.58417      0.29595E-03  0.28931E-02
 -0.70542      0.70725     -0.21439E-01 -0.41367E-01  0.15976E-02
  0.29979E-01 -0.28602E-01 -0.79696E-03 -0.99789      0.50041E-01
  eigenvalues
   101.69       123.65       1854.9      0.11882E+06  0.23010E+07
inverse of AI matrix (Sampling Variance)
  0.52838E+11  0.23457E+09 -0.56710E+07 -0.30415E+09 -0.76861E+10  0.98923E+06  -42541.     -0.14465E+07 -0.37188E+08   971.21      -12344.     -0.70327E+06  0.15475E+07  0.38197E+08  0.94051E+09 -0.29846E+11 -0.14279E+09 -0.27868E+07  0.15183E+09  0.38169E+10 -0.68090E+06  -20711.      0.73025E+06  0.18649E+08  -10988.       9053.2      0.43207E+06 -0.73005E+06 -0.17948E+08 -0.44018E+09
  0.23457E+09  0.10882E+08  0.55758E+07 -0.13394E+07 -0.14836E+08   90081.       22666.      -65024.     -0.15590E+07  -1748.8      -33969.     -0.86591E+06   5712.6       60251.     -0.47497E+06 -0.14430E+09 -0.65149E+07 -0.33532E+07  0.65287E+06  0.67358E+07  -59502.      -17124.       32551.      0.77223E+06  -1093.4       17008.      0.43048E+06  -2623.6      -25706.      0.30583E+06
 -0.56710E+07  0.55758E+07  0.47353E+07 -0.29526E+06  0.33607E+07   48087.       18085.      -35791.     -0.85319E+06  -2970.6      -29807.     -0.77286E+06   2974.1       26332.     -0.46580E+06 -0.36634E+07 -0.33644E+07 -0.28489E+07  0.14500E+06 -0.18919E+07  -32211.      -13192.       18050.      0.42491E+06   207.13       15490.      0.39360E+06  -1398.2      -11914.      0.23264E+06
 -0.30415E+09 -0.13394E+07 -0.29526E+06  0.13378E+08  0.21118E+09  -5654.5      -892.28       59219.      0.91802E+06   549.19       262.26       12555.     -0.13242E+06 -0.26941E+07 -0.51722E+08  0.15258E+09  0.65106E+06  0.13602E+06 -0.70302E+07 -0.11042E+09   2402.9       207.90      -32024.     -0.49332E+06  -417.45      -706.70      -14069.       63974.      0.12982E+07  0.24870E+08
 -0.76861E+10 -0.14836E+08  0.33607E+07  0.21118E+09  0.49906E+10   48409.       33624.      0.83919E+06  0.19872E+08   15078.      -35921.     -0.71038E+06 -0.20506E+07 -0.49929E+08 -0.12149E+10  0.38031E+10  0.62461E+07 -0.21643E+07 -0.11035E+09 -0.26137E+10  -41054.      -24261.     -0.45463E+06 -0.10799E+08  -11250.       9012.8      0.13243E+06  0.98993E+06  0.24098E+08  0.58641E+09
  0.98923E+06   90081.       48087.      -5654.5       48409.       8078.0       4322.2      -510.79       3444.0       2294.8      -285.20       1878.7       18.428       6.3516       5511.1     -0.69602E+06  -58628.      -31583.       2523.8      -34660.      -5129.0      -2776.4       230.87      -2735.0      -1493.0       125.17      -1597.0      -8.8059      -14.718      -3428.5    
  -42541.       22666.       18085.      -892.28       33624.       4322.2       2869.9      -246.40       2926.4       1816.7      -174.46       1952.7       12.431       32.991       3913.7      -26815.      -16579.      -12864.       360.85      -20446.      -2776.8      -1872.0       110.91      -1996.8      -1205.3       77.324      -1364.4      -6.2170      -27.845      -2387.9    
 -0.14465E+07  -65024.      -35791.       59219.      0.83919E+06  -510.79      -246.40       4947.2       74903.      -110.67       2701.7       40865.      -489.16      -2686.1       33351.      0.75141E+06   33463.       18447.      -32665.     -0.46463E+06   241.47       114.97      -2705.4      -40858.       50.251      -1485.4      -22402.       221.05       935.25      -23466.    
 -0.37188E+08 -0.15590E+07 -0.85319E+06  0.91802E+06  0.19872E+08   3444.0       2926.4       74903.      0.17692E+07   2229.0       40745.      0.96500E+06  -7769.7      -73552.      0.84541E+06  0.19006E+08  0.79260E+06  0.43594E+06 -0.50339E+06 -0.11047E+08  -2558.1      -1957.2      -40874.     -0.97032E+06  -1411.2      -22377.     -0.53277E+06   3517.2       28866.     -0.59551E+06
   971.21      -1748.8      -2970.6       549.19       15078.       2294.8       1816.7      -110.67       2229.0       1431.7      -80.477       2218.6       8.1847       36.199       2314.5      -14208.      -730.87       524.28      -321.20      -9299.6      -1493.6      -1206.3       48.585      -1404.1      -971.74       34.410      -1320.2      -4.3301      -29.004      -1432.8    
  -12344.      -33969.      -29807.       262.26      -35921.      -285.20      -174.46       2701.7       40745.      -80.477       2246.2       33917.      -237.97      -539.37       39357.       19851.       17622.       14988.      -859.56       6991.9       135.45       79.603      -1486.5      -22356.       34.610      -1244.1      -18747.       111.57       152.16      -21373.    
 -0.70327E+06 -0.86591E+06 -0.77286E+06   12555.     -0.71038E+06   1878.7       1952.7       40865.      0.96500E+06   2218.6       33917.      0.80770E+06  -3767.2      -23580.      0.96895E+06  0.63640E+06  0.44477E+06  0.39027E+06  -16848.       79710.      -1397.5      -1345.6      -22440.     -0.53259E+06  -1367.9      -18836.     -0.44955E+06   1764.5       9460.5     -0.53146E+06
  0.15475E+07   5712.6       2974.1     -0.13242E+06 -0.20506E+07   18.428       12.431      -489.16      -7769.7       8.1847      -237.97      -3767.2       11021.      0.16892E+06  0.25826E+07 -0.74504E+06  -2659.6      -1424.1       64271.      0.98992E+06  -9.2802      -6.6658       221.88       3502.9      -4.6031       113.16       1790.4      -5582.2      -85378.     -0.13038E+07
  0.38197E+08   60251.       26332.     -0.26941E+07 -0.49929E+08   6.3516       32.991      -2686.1      -73552.       36.199      -539.37      -23580.      0.16892E+06  0.32798E+07  0.60803E+08 -0.18181E+08  -24895.      -12038.      0.12993E+07  0.24057E+08  -17.476      -27.828       756.40       25787.      -24.439       91.352       8524.3      -85437.     -0.16613E+07 -0.30816E+08
  0.94051E+09 -0.47497E+06 -0.46580E+06 -0.51722E+08 -0.12149E+10   5511.1       3913.7       33351.      0.84541E+06   2314.5       39357.      0.96895E+06  0.25826E+07  0.60803E+08  0.14317E+10 -0.44252E+09  0.36346E+06  0.24101E+06  0.24815E+08  0.58449E+09  -3562.5      -2478.3      -29371.     -0.73601E+06  -1336.5      -23555.     -0.59202E+06 -0.13053E+07 -0.30837E+08 -0.72865E+09
 -0.29846E+11 -0.14430E+09 -0.36634E+07  0.15258E+09  0.38031E+10 -0.69602E+06  -26815.      0.75141E+06  0.19006E+08  -14208.       19851.      0.63640E+06 -0.74504E+06 -0.18181E+08 -0.44252E+09  0.31679E+11  0.20198E+09  0.37289E+08 -0.82871E+08 -0.19378E+10  0.13474E+07  0.28774E+06 -0.43273E+06 -0.99653E+07   83517.      -26946.     -0.50389E+06  0.35075E+06  0.84527E+07  0.20393E+09
 -0.14279E+09 -0.65149E+07 -0.33644E+07  0.65106E+06  0.62461E+07  -58628.      -16579.       33463.      0.79260E+06  -730.87       17622.      0.44477E+06  -2659.6      -24895.      0.36346E+06  0.20198E+09  0.86675E+07  0.47649E+07 -0.24641E+06 -0.11404E+07  0.10471E+06   41268.      -17921.     -0.39365E+06   12820.      -9778.3     -0.22680E+06   1107.2       8533.3     -0.24244E+06
 -0.27868E+07 -0.33532E+07 -0.28489E+07  0.13602E+06 -0.21643E+07  -31583.      -12864.       18447.      0.43594E+06   524.28       14988.      0.39027E+06  -1424.1      -12038.      0.24101E+06  0.37289E+08  0.47649E+07  0.42836E+07  -41332.      0.20117E+07   61032.       32211.      -10212.     -0.21951E+06   8983.8      -8889.2     -0.20637E+06   629.74       4674.0     -0.12994E+06
  0.15183E+09  0.65287E+06  0.14500E+06 -0.70302E+07 -0.11035E+09   2523.8       360.85      -32665.     -0.50339E+06  -321.20      -859.56      -16848.       64271.      0.12993E+07  0.24815E+08 -0.82871E+08 -0.24641E+06  -41332.      0.55554E+07  0.86834E+08   443.36       403.26       31396.      0.48590E+06   383.96       4292.1       68255.      -32488.     -0.64077E+06 -0.12044E+08
  0.38169E+10  0.67358E+07 -0.18919E+07 -0.11042E+09 -0.26137E+10  -34660.      -20446.     -0.46463E+06 -0.11047E+08  -9299.6       6991.9       79710.      0.98992E+06  0.24057E+08  0.58449E+09 -0.19378E+10 -0.11404E+07  0.20117E+07  0.86834E+08  0.20607E+10   54519.       25030.      0.46644E+06  0.11112E+08   10522.       56649.      0.13964E+07 -0.50109E+06 -0.11946E+08 -0.28502E+09
 -0.68090E+06  -59502.      -32211.       2402.9      -41054.      -5129.0      -2776.8       241.47      -2558.1      -1493.6       135.45      -1397.5      -9.2802      -17.476      -3562.5      0.13474E+07  0.10471E+06   61032.       443.36       54519.       8059.8       4678.1       5.7873       4009.8       2715.4       10.154       2378.4       6.8373       60.595       3021.6    
  -20711.      -17124.      -13192.       207.90      -24261.      -2776.4      -1872.0       114.97      -1957.2      -1206.3       79.603      -1345.6      -6.6658      -27.828      -2478.3      0.28774E+06   41268.       32211.       403.26       25030.       4678.1       3421.0       2.6402       2463.4       2405.1       3.8367       1732.2       4.1337       38.793       1909.5    
  0.73025E+06   32551.       18050.      -32024.     -0.45463E+06   230.87       110.91      -2705.4      -40874.       48.585      -1486.5      -22440.       221.88       756.40      -29371.     -0.43273E+06  -17921.      -10212.       31396.      0.46644E+06   5.7873       2.6402       2546.3       39069.       1.7410       1462.4       22449.      -49.985       676.44       32570.    
  0.18649E+08  0.77223E+06  0.42491E+06 -0.49332E+06 -0.10799E+08  -2735.0      -1996.8      -40858.     -0.97032E+06  -1404.1      -22356.     -0.53259E+06   3502.9       25787.     -0.73601E+06 -0.99653E+07 -0.39365E+06 -0.21951E+06  0.48590E+06  0.11112E+08   4009.8       2463.4       39069.      0.92989E+06   1509.0       22417.      0.53463E+06  -804.72       7211.4      0.79439E+06
  -10988.      -1093.4       207.13      -417.45      -11250.      -1493.0      -1205.3       50.251      -1411.2      -971.74       34.610      -1367.9      -4.6031      -24.439      -1336.5       83517.       12820.       8983.8       383.96       10522.       2715.4       2405.1       1.7410       1509.0       2093.5       1.1708       1280.8       2.6721       25.125       1022.6    
   9053.2       17008.       15490.      -706.70       9012.8       125.17       77.324      -1485.4      -22377.       34.410      -1244.1      -18836.       113.16       91.352      -23555.      -26946.      -9778.3      -8889.2       4292.1       56649.       10.154       3.8367       1462.4       22417.       1.1708       1285.7       19781.      -35.485       380.11       19819.    
  0.43207E+06  0.43048E+06  0.39360E+06  -14069.      0.13243E+06  -1597.0      -1364.4      -22402.     -0.53277E+06  -1320.2      -18747.     -0.44955E+06   1790.4       8524.3     -0.59202E+06 -0.50389E+06 -0.22680E+06 -0.20637E+06   68255.      0.13964E+07   2378.4       1732.2       22449.      0.53463E+06   1280.8       19781.      0.47162E+06  -565.35       3693.7      0.49081E+06
 -0.73005E+06  -2623.6      -1398.2       63974.      0.98993E+06  -8.8059      -6.2170       221.05       3517.2      -4.3301       111.57       1764.5      -5582.2      -85437.     -0.13053E+07  0.35075E+06   1107.2       629.74      -32488.     -0.50109E+06   6.8373       4.1337      -49.985      -804.72       2.6721      -35.485      -565.35       3660.1       56215.      0.86272E+06
 -0.17948E+08  -25706.      -11914.      0.12982E+07  0.24098E+08  -14.718      -27.845       935.25       28866.      -29.004       152.16       9460.5      -85378.     -0.16613E+07 -0.30837E+08  0.84527E+07   8533.3       4674.0     -0.64077E+06 -0.11946E+08   60.595       38.793       676.44       7211.4       25.125       380.11       3693.7       56215.      0.10986E+07  0.20483E+08
 -0.44018E+09  0.30583E+06  0.23264E+06  0.24870E+08  0.58641E+09  -3428.5      -2387.9      -23466.     -0.59551E+06  -1432.8      -21373.     -0.53146E+06 -0.13038E+07 -0.30816E+08 -0.72865E+09  0.20393E+09 -0.24244E+06 -0.12994E+06 -0.12044E+08 -0.28502E+09   3021.6       1909.5       32570.      0.79439E+06   1022.6       19819.      0.49081E+06  0.86272E+06  0.20483E+08  0.48628E+09
Correlations from inverse of AI matrix
   1.0000      0.30934     -0.11337E-01 -0.36175     -0.47332      0.47882E-01 -0.34546E-02 -0.89468E-01 -0.12163      0.11166E-03 -0.11331E-02 -0.34043E-02  0.64129E-01  0.91754E-01  0.10813     -0.72950     -0.21099     -0.58578E-02  0.28024      0.36579     -0.32995E-01 -0.15405E-02  0.62957E-01  0.84134E-01 -0.10447E-02  0.10984E-02  0.27371E-02 -0.52497E-01 -0.74494E-01 -0.86838E-01
  0.30934       1.0000      0.77676     -0.11101     -0.63662E-01  0.30383      0.12826     -0.28025     -0.35530     -0.14011E-01 -0.21728     -0.29208      0.16496E-01  0.10085E-01 -0.38053E-02 -0.24577     -0.67082     -0.49115      0.83969E-01  0.44981E-01 -0.20092     -0.88751E-01  0.19555      0.24276     -0.72443E-02  0.14379      0.19002     -0.13146E-01 -0.74345E-02  0.42042E-02
 -0.11337E-01  0.77676       1.0000     -0.37096E-01  0.21862E-01  0.24587      0.15514     -0.23384     -0.29477     -0.36078E-01 -0.28902     -0.39519      0.13019E-01  0.66817E-02 -0.56571E-02 -0.94585E-02 -0.52515     -0.63255      0.28272E-01 -0.19153E-01 -0.16488     -0.10365      0.16438      0.20249      0.20804E-02  0.19852      0.26338     -0.10621E-01 -0.52236E-02  0.48481E-02
 -0.36175     -0.11101     -0.37096E-01   1.0000      0.81730     -0.17200E-01 -0.45537E-02  0.23018      0.18870      0.39682E-02  0.15129E-02  0.38195E-02 -0.34484     -0.40671     -0.37372      0.23438      0.60461E-01  0.17968E-01 -0.81547     -0.66502      0.73176E-02  0.97181E-03 -0.17351     -0.13986     -0.24944E-02 -0.53885E-02 -0.56010E-02  0.28910      0.33863      0.30834    
 -0.47332     -0.63662E-01  0.21862E-01  0.81730       1.0000      0.76242E-02  0.88846E-02  0.16889      0.21148      0.56408E-02 -0.10729E-01 -0.11189E-01 -0.27649     -0.39025     -0.45448      0.30247      0.30032E-01 -0.14802E-01 -0.66271     -0.81502     -0.64731E-02 -0.58716E-02 -0.12754     -0.15853     -0.34804E-02  0.35581E-02  0.27297E-02  0.23162      0.32544      0.37643    
  0.47882E-01  0.30383      0.24587     -0.17200E-01  0.76242E-02   1.0000      0.89768     -0.80800E-01  0.28809E-01  0.67478     -0.66955E-01  0.23259E-01  0.19530E-02  0.39022E-04  0.16205E-02 -0.43510E-01 -0.22157     -0.16979      0.11914E-01 -0.84952E-02 -0.63565     -0.52815      0.50904E-01 -0.31556E-01 -0.36305      0.38842E-01 -0.25874E-01 -0.16195E-02 -0.15623E-03 -0.17299E-02
 -0.34546E-02  0.12826      0.15514     -0.45537E-02  0.88846E-02  0.89768       1.0000     -0.65391E-01  0.41069E-01  0.89622     -0.68715E-01  0.40558E-01  0.22104E-02  0.34005E-03  0.19308E-02 -0.28123E-02 -0.10512     -0.11602      0.28579E-02 -0.84074E-02 -0.57736     -0.59745      0.41030E-01 -0.38654E-01 -0.49173      0.40254E-01 -0.37085E-01 -0.19182E-02 -0.49590E-03 -0.20214E-02
 -0.89468E-01 -0.28025     -0.23384      0.23018      0.16889     -0.80800E-01 -0.65391E-01   1.0000      0.80063     -0.41583E-01  0.81047      0.64647     -0.66246E-01 -0.21087E-01  0.12531E-01  0.60022E-01  0.16160      0.12672     -0.19704     -0.14552      0.38240E-01  0.27947E-01 -0.76224     -0.60239      0.15615E-01 -0.58895     -0.46378      0.51947E-01  0.12686E-01 -0.15129E-01
 -0.12163     -0.35530     -0.29477      0.18870      0.21148      0.28809E-01  0.41069E-01  0.80063       1.0000      0.44288E-01  0.64635      0.80727     -0.55643E-01 -0.30534E-01  0.16798E-01  0.80282E-01  0.20240      0.15836     -0.16057     -0.18296     -0.21423E-01 -0.25158E-01 -0.60899     -0.75651     -0.23188E-01 -0.46918     -0.58325      0.43709E-01  0.20705E-01 -0.20303E-01
  0.11166E-03 -0.14011E-01 -0.36078E-01  0.39682E-02  0.56408E-02  0.67478      0.89622     -0.41583E-01  0.44288E-01   1.0000     -0.44877E-01  0.65243E-01  0.20604E-02  0.52825E-03  0.16166E-02 -0.21096E-02 -0.65609E-02  0.66946E-02 -0.36016E-02 -0.54141E-02 -0.43969     -0.54507      0.25446E-01 -0.38481E-01 -0.56129      0.25362E-01 -0.50807E-01 -0.18916E-02 -0.73131E-03 -0.17171E-02
 -0.11331E-02 -0.21728     -0.28902      0.15129E-02 -0.10729E-01 -0.66955E-01 -0.68715E-01  0.81047      0.64635     -0.44877E-01   1.0000      0.79628     -0.47828E-01 -0.62841E-02  0.21947E-01  0.23533E-02  0.12630      0.15280     -0.76948E-02  0.32499E-02  0.31834E-01  0.28717E-01 -0.62158     -0.48916      0.15961E-01 -0.73208     -0.57599      0.38913E-01  0.30630E-02 -0.20450E-01
 -0.34043E-02 -0.29208     -0.39519      0.38195E-02 -0.11189E-01  0.23259E-01  0.40558E-01  0.64647      0.80727      0.65243E-01  0.79628       1.0000     -0.39929E-01 -0.14488E-01  0.28493E-01  0.39785E-02  0.16810      0.20981     -0.79536E-02  0.19538E-02 -0.17321E-01 -0.25598E-01 -0.49482     -0.61455     -0.33265E-01 -0.58453     -0.72838      0.32453E-01  0.10043E-01 -0.26816E-01
  0.64129E-01  0.16496E-01  0.13019E-01 -0.34484     -0.27649      0.19530E-02  0.22104E-02 -0.66246E-01 -0.55643E-01  0.20604E-02 -0.47828E-01 -0.39929E-01   1.0000      0.88848      0.65015     -0.39874E-01 -0.86052E-02 -0.65544E-02  0.25974      0.20772     -0.98466E-03 -0.10856E-02  0.41885E-01  0.34602E-01 -0.95831E-03  0.30062E-01  0.24834E-01 -0.87892     -0.77591     -0.56319    
  0.91754E-01  0.10085E-01  0.66817E-02 -0.40671     -0.39025      0.39022E-04  0.34005E-03 -0.21087E-01 -0.30534E-01  0.52825E-03 -0.62841E-02 -0.14488E-01  0.88848       1.0000      0.88729     -0.56404E-01 -0.46692E-02 -0.32116E-02  0.30440      0.29262     -0.10749E-03 -0.26272E-03  0.82770E-02  0.14766E-01 -0.29493E-03  0.14068E-02  0.68539E-02 -0.77979     -0.87518     -0.77162    
  0.10813     -0.38053E-02 -0.56571E-02 -0.37372     -0.45448      0.16205E-02  0.19308E-02  0.12531E-01  0.16798E-01  0.16166E-02  0.21947E-01  0.28493E-01  0.65015      0.88729       1.0000     -0.65708E-01  0.32627E-02  0.30775E-02  0.27825      0.34028     -0.10487E-02 -0.11198E-02 -0.15383E-01 -0.20172E-01 -0.77198E-03 -0.17361E-01 -0.22783E-01 -0.57019     -0.77752     -0.87326    
 -0.72950     -0.24577     -0.94585E-02  0.23438      0.30247     -0.43510E-01 -0.28123E-02  0.60022E-01  0.80282E-01 -0.21096E-02  0.23533E-02  0.39785E-02 -0.39874E-01 -0.56404E-01 -0.65708E-01   1.0000      0.38546      0.10123     -0.19754     -0.23984      0.84321E-01  0.27640E-01 -0.48182E-01 -0.58062E-01  0.10256E-01 -0.42223E-02 -0.41225E-02  0.32574E-01  0.45309E-01  0.51959E-01
 -0.21099     -0.67082     -0.52515      0.60461E-01  0.30032E-01 -0.22157     -0.10512      0.16160      0.20240     -0.65609E-02  0.12630      0.16810     -0.86052E-02 -0.46692E-02  0.32627E-02  0.38546       1.0000      0.78199     -0.35511E-01 -0.85326E-02  0.39618      0.23966     -0.12063     -0.13866      0.95172E-01 -0.92629E-01 -0.11218      0.62165E-02  0.27653E-02 -0.37343E-02
 -0.58578E-02 -0.49115     -0.63255      0.17968E-01 -0.14802E-01 -0.16979     -0.11602      0.12672      0.15836      0.66946E-02  0.15280      0.20981     -0.65544E-02 -0.32116E-02  0.30775E-02  0.10123      0.78199       1.0000     -0.84728E-02  0.21412E-01  0.32847      0.26609     -0.97778E-01 -0.10998      0.94869E-01 -0.11978     -0.14519      0.50293E-02  0.21546E-02 -0.28471E-02
  0.28024      0.83969E-01  0.28272E-01 -0.81547     -0.66271      0.11914E-01  0.28579E-02 -0.19704     -0.16057     -0.36016E-02 -0.76948E-02 -0.79536E-02  0.25974      0.30440      0.27825     -0.19754     -0.35511E-01 -0.84728E-02   1.0000      0.81157      0.20952E-02  0.29252E-02  0.26397      0.21378      0.35604E-02  0.50786E-01  0.42168E-01 -0.22784     -0.25937     -0.23173    
  0.36579      0.44981E-01 -0.19153E-01 -0.66502     -0.81502     -0.84952E-02 -0.84074E-02 -0.14552     -0.18296     -0.54141E-02  0.32499E-02  0.19538E-02  0.20772      0.29262      0.34028     -0.23984     -0.85326E-02  0.21412E-01  0.81157       1.0000      0.13378E-01  0.94271E-02  0.20363      0.25386      0.50658E-02  0.34803E-01  0.44793E-01 -0.18246     -0.25107     -0.28472    
 -0.32995E-01 -0.20092     -0.16488      0.73176E-02 -0.64731E-02 -0.63565     -0.57736      0.38240E-01 -0.21423E-01 -0.43969      0.31834E-01 -0.17321E-01 -0.98466E-03 -0.10749E-03 -0.10487E-02  0.84321E-01  0.39618      0.32847      0.20952E-02  0.13378E-01   1.0000      0.89090      0.12775E-02  0.46318E-01  0.66105      0.31544E-02  0.38576E-01  0.12589E-02  0.64395E-03  0.15263E-02
 -0.15405E-02 -0.88751E-01 -0.10365      0.97181E-03 -0.58716E-02 -0.52815     -0.59745      0.27947E-01 -0.25158E-01 -0.54507      0.28717E-01 -0.25598E-01 -0.10856E-02 -0.26272E-03 -0.11198E-02  0.27640E-01  0.23966      0.26609      0.29252E-02  0.94271E-02  0.89090       1.0000      0.89456E-03  0.43676E-01  0.89873      0.18294E-02  0.43126E-01  0.11682E-02  0.63278E-03  0.14805E-02
  0.62957E-01  0.19555      0.16438     -0.17351     -0.12754      0.50904E-01  0.41030E-01 -0.76224     -0.60899      0.25446E-01 -0.62158     -0.49482      0.41885E-01  0.82770E-02 -0.15383E-01 -0.48182E-01 -0.12063     -0.97778E-01  0.26397      0.20363      0.12775E-02  0.89456E-03   1.0000      0.80291      0.75407E-03  0.80826      0.64780     -0.16373E-01  0.12789E-01  0.29269E-01
  0.84134E-01  0.24276      0.20249     -0.13986     -0.15853     -0.31556E-01 -0.38654E-01 -0.60239     -0.75651     -0.38481E-01 -0.48916     -0.61455      0.34602E-01  0.14766E-01 -0.20172E-01 -0.58062E-01 -0.13866     -0.10998      0.21378      0.25386      0.46318E-01  0.43676E-01  0.80291       1.0000      0.34202E-01  0.64834      0.80732     -0.13794E-01  0.71348E-02  0.37357E-01
 -0.10447E-02 -0.72443E-02  0.20804E-02 -0.24944E-02 -0.34804E-02 -0.36305     -0.49173      0.15615E-01 -0.23188E-01 -0.56129      0.15961E-01 -0.33265E-01 -0.95831E-03 -0.29493E-03 -0.77198E-03  0.10256E-01  0.95172E-01  0.94869E-01  0.35604E-02  0.50658E-02  0.66105      0.89873      0.75407E-03  0.34202E-01   1.0000      0.71363E-03  0.40763E-01  0.96534E-03  0.52390E-03  0.10135E-02
  0.10984E-02  0.14379      0.19852     -0.53885E-02  0.35581E-02  0.38842E-01  0.40254E-01 -0.58895     -0.46918      0.25362E-01 -0.73208     -0.58453      0.30062E-01  0.14068E-02 -0.17361E-01 -0.42223E-02 -0.92629E-01 -0.11978      0.50786E-01  0.34803E-01  0.31544E-02  0.18294E-02  0.80826      0.64834      0.71363E-03   1.0000      0.80331     -0.16358E-01  0.10114E-01  0.25066E-01
  0.27371E-02  0.19002      0.26338     -0.56010E-02  0.27297E-02 -0.25874E-01 -0.37085E-01 -0.46378     -0.58325     -0.50807E-01 -0.57599     -0.72838      0.24834E-01  0.68539E-02 -0.22783E-01 -0.41225E-02 -0.11218     -0.14519      0.42168E-01  0.44793E-01  0.38576E-01  0.43126E-01  0.64780      0.80732      0.40763E-01  0.80331       1.0000     -0.13608E-01  0.51315E-02  0.32410E-01
 -0.52497E-01 -0.13146E-01 -0.10621E-01  0.28910      0.23162     -0.16195E-02 -0.19182E-02  0.51947E-01  0.43709E-01 -0.18916E-02  0.38913E-01  0.32453E-01 -0.87892     -0.77979     -0.57019      0.32574E-01  0.62165E-02  0.50293E-02 -0.22784     -0.18246      0.12589E-02  0.11682E-02 -0.16373E-01 -0.13794E-01  0.96534E-03 -0.16358E-01 -0.13608E-01   1.0000      0.88651      0.64666    
 -0.74494E-01 -0.74345E-02 -0.52236E-02  0.33863      0.32544     -0.15623E-03 -0.49590E-03  0.12686E-01  0.20705E-01 -0.73131E-03  0.30630E-02  0.10043E-01 -0.77591     -0.87518     -0.77752      0.45309E-01  0.27653E-02  0.21546E-02 -0.25937     -0.25107      0.64395E-03  0.63278E-03  0.12789E-01  0.71348E-02  0.52390E-03  0.10114E-01  0.51315E-02  0.88651       1.0000      0.88620    
 -0.86838E-01  0.42042E-02  0.48481E-02  0.30834      0.37643     -0.17299E-02 -0.20214E-02 -0.15129E-01 -0.20303E-01 -0.17171E-02 -0.20450E-01 -0.26816E-01 -0.56319     -0.77162     -0.87326      0.51959E-01 -0.37343E-02 -0.28471E-02 -0.23173     -0.28472      0.15263E-02  0.14805E-02  0.29269E-01  0.37357E-01  0.10135E-02  0.25066E-01  0.32410E-01  0.64666      0.88620       1.0000    
SE for G
  0.22987E+06   3298.8       2176.1       3657.7       70644.    
   3298.8       89.877       53.571       70.336       1330.1    
   2176.1       53.571       37.838       47.394       898.72    
   3657.7       70.336       47.394       104.98       1811.0    
   70644.       1330.1       898.72       1811.0       37838.    
SE for R
  0.17799E+06   2944.1       2069.7       2357.0       45395.    
   2944.1       89.777       58.489       50.461       964.31    
   2069.7       58.489       45.754       35.857       686.74    
   2357.0       50.461       35.857       60.499       1048.2    
   45395.       964.31       686.74       1048.2       22052.    
